[Tue, 29 Nov 2022 23:23:15 +0700] [localhost] [::1] [User Notice(1024): PDOException Object
(
    [message:protected] => SQLSTATE[23000]: Integrity constraint violation: 1062 Duplicate entry '1' for key 'PRIMARY'
    [string:Exception:private] => 
    [code:protected] => 23000
    [file:protected] => C:\xampp\htdocs\nukeviet4.5.02setup\nukeviet\vendor\vinades\nukeviet\Core\Database.php
    [line:protected] => 526
    [trace:Exception:private] => Array
        (
            [0] => Array
                (
                    [file] => C:\xampp\htdocs\nukeviet4.5.02setup\nukeviet\vendor\vinades\nukeviet\Core\Database.php
                    [line] => 526
                    [function] => query
                    [class] => PDO
                    [type] => ->
                    [args] => Array
                        (
                            [0] => INSERT INTO `nv4_users` (`userid`, `group_id`, `username`, `md5username`, `password`, `email`, `first_name`, `last_name`, `gender`, `photo`, `birthday`, `sig`, `regdate`, `question`, `answer`, `passlostkey`, `view_mail`, `remember`, `in_groups`, `active`, `active2step`, `secretkey`, `checknum`, `last_login`, `last_ip`, `last_agent`, `last_openid`, `last_update`, `idsite`, `safemode`, `safekey`, `email_verification_time`, `active_obj`) VALUES
(1, 1, 'admin', '21232f297a57a5a743894a0e4a801fc3', '{SSHA512}Tul5EN3RG+1791bZIttvv5HUuE0uHqemZaWAI5XOgf0V14U72PwwtltgpcgjlojoUas93ak8ivDbWfMnUEUxQjg2ZTk=', 'admin@gmail.com', 'admin', '', 'M', '', 978886800, '', 1668868561, 'ai là fan của bạn?', 'ronaldo', '', 0, 1, '1,4', 1, 0, '', 'ae33664449a0455ea708da5c9f807cd2', 1669650356, '::1', 'Mozilla/5.0 (Windows NT 10.0; Win64; x64) AppleWebKit/537.36 (KHTML, like Gecko) Chrome/106.0.0.0 Safari/537.36', '', 1669650933, 0, 0, '', 0, 'SYSTEM'),
(2, 3, 'hoanhtuan', '7b2cc47330e28464b7d1b80da9a8f1e1', '{SSHA512}CbR4Zsii4HdOpLJBZLtP1J2VLxdVc2VOmgi5GQlZAQ8xMVW5eYNg+EPE2bMyO9Zy2N73Bid+ERhAwy7j2YbYFzI1YjI=', 'anhtuana2k422001@gmail.com', 'Tuấn', 'Hồ Anh', 'M', 'uploads/users/avata_hoanhtuan_s2bqgoch_1.jpg', 978886800, 'tuấn', 1669650066, 'Cầu thủ yếu thích nhất', 'ronaldo', '', 0, 1, '3,4', 1, 0, '', '4dadbb8a8efa83df4d36b2c13694c883', 1669650319, '::1', 'Mozilla/5.0 (Windows NT 10.0; Win64; x64) AppleWebKit/537.36 (KHTML, like Gecko) Chrome/106.0.0.0 Safari/537.36', '', 1669655077, 0, 0, '', 0, 'SYSTEM'),
(3, 3, 'nguyenhaiduong', 'b34ebdf72d9213357c061064b61d6fb3', '{SSHA512}AHgMUprZA+z1Rad4Ke/+rQgXTA7GC+A1vGNGlsK1M6Q8aaCdMuiL/afCYrKk0SHaw4DQyaOuCkzLGCp8RkAjh2NiYWM=', 'nguyenhaiduong190801@gmail.com', 'Dương', 'Nguyễn Hải', 'M', 'uploads/users/pngtree-cartoon-flat-math-teacher-avatar-design-png-image_4429178_s1ulda35_1.jpg', 998154000, 'dương', 1669654982, 'Cầu thủ yếu thích nhất', 'ronaldo', '', 0, 1, '3,4', 1, 0, '', '', 0, '', '', '', 1669655139, 0, 0, '', -1, 'SYSTEM'),
(4, 3, 'voanhquan', '16c2c1c20d2c61d8f1a37a2eb2792b87', '{SSHA512}bBER00/is5ee8cK3rWBfsFC1KdTCMjqkKnkNXRPn9rPGJeItPp6Q7HAGGkwPVar1lfJcxY70SP3+s8I7rI2YjDU5NTM=', '01642027120q@gmail.com', 'Quân', 'Võ Anh', 'M', 'uploads/users/pngtree-cartoon-flat-math-teacher-avatar-design-png-image_4429178_z181rzaw_1.jpg', 1003770000, 'quân', 1669659205, 'Cầu thủ yếu thích nhất', 'ronaldo', '', 0, 1, '4,3', 1, 0, '', '', 0, '', '', '', 0, 0, 0, '', -1, 'SYSTEM')
                            [1] => 
                        )

                )

            [1] => Array
                (
                    [file] => C:\xampp\htdocs\nukeviet4.5.02setup\nukeviet\admin\modules\functions.php
                    [line] => 192
                    [function] => query
                    [class] => NukeViet\Core\Database
                    [type] => ->
                    [args] => Array
                        (
                            [0] => INSERT INTO `nv4_users` (`userid`, `group_id`, `username`, `md5username`, `password`, `email`, `first_name`, `last_name`, `gender`, `photo`, `birthday`, `sig`, `regdate`, `question`, `answer`, `passlostkey`, `view_mail`, `remember`, `in_groups`, `active`, `active2step`, `secretkey`, `checknum`, `last_login`, `last_ip`, `last_agent`, `last_openid`, `last_update`, `idsite`, `safemode`, `safekey`, `email_verification_time`, `active_obj`) VALUES
(1, 1, 'admin', '21232f297a57a5a743894a0e4a801fc3', '{SSHA512}Tul5EN3RG+1791bZIttvv5HUuE0uHqemZaWAI5XOgf0V14U72PwwtltgpcgjlojoUas93ak8ivDbWfMnUEUxQjg2ZTk=', 'admin@gmail.com', 'admin', '', 'M', '', 978886800, '', 1668868561, 'ai là fan của bạn?', 'ronaldo', '', 0, 1, '1,4', 1, 0, '', 'ae33664449a0455ea708da5c9f807cd2', 1669650356, '::1', 'Mozilla/5.0 (Windows NT 10.0; Win64; x64) AppleWebKit/537.36 (KHTML, like Gecko) Chrome/106.0.0.0 Safari/537.36', '', 1669650933, 0, 0, '', 0, 'SYSTEM'),
(2, 3, 'hoanhtuan', '7b2cc47330e28464b7d1b80da9a8f1e1', '{SSHA512}CbR4Zsii4HdOpLJBZLtP1J2VLxdVc2VOmgi5GQlZAQ8xMVW5eYNg+EPE2bMyO9Zy2N73Bid+ERhAwy7j2YbYFzI1YjI=', 'anhtuana2k422001@gmail.com', 'Tuấn', 'Hồ Anh', 'M', 'uploads/users/avata_hoanhtuan_s2bqgoch_1.jpg', 978886800, 'tuấn', 1669650066, 'Cầu thủ yếu thích nhất', 'ronaldo', '', 0, 1, '3,4', 1, 0, '', '4dadbb8a8efa83df4d36b2c13694c883', 1669650319, '::1', 'Mozilla/5.0 (Windows NT 10.0; Win64; x64) AppleWebKit/537.36 (KHTML, like Gecko) Chrome/106.0.0.0 Safari/537.36', '', 1669655077, 0, 0, '', 0, 'SYSTEM'),
(3, 3, 'nguyenhaiduong', 'b34ebdf72d9213357c061064b61d6fb3', '{SSHA512}AHgMUprZA+z1Rad4Ke/+rQgXTA7GC+A1vGNGlsK1M6Q8aaCdMuiL/afCYrKk0SHaw4DQyaOuCkzLGCp8RkAjh2NiYWM=', 'nguyenhaiduong190801@gmail.com', 'Dương', 'Nguyễn Hải', 'M', 'uploads/users/pngtree-cartoon-flat-math-teacher-avatar-design-png-image_4429178_s1ulda35_1.jpg', 998154000, 'dương', 1669654982, 'Cầu thủ yếu thích nhất', 'ronaldo', '', 0, 1, '3,4', 1, 0, '', '', 0, '', '', '', 1669655139, 0, 0, '', -1, 'SYSTEM'),
(4, 3, 'voanhquan', '16c2c1c20d2c61d8f1a37a2eb2792b87', '{SSHA512}bBER00/is5ee8cK3rWBfsFC1KdTCMjqkKnkNXRPn9rPGJeItPp6Q7HAGGkwPVar1lfJcxY70SP3+s8I7rI2YjDU5NTM=', '01642027120q@gmail.com', 'Quân', 'Võ Anh', 'M', 'uploads/users/pngtree-cartoon-flat-math-teacher-avatar-design-png-image_4429178_z181rzaw_1.jpg', 1003770000, 'quân', 1669659205, 'Cầu thủ yếu thích nhất', 'ronaldo', '', 0, 1, '4,3', 1, 0, '', '', 0, '', '', '', 0, 0, 0, '', -1, 'SYSTEM')
                        )

                )

            [2] => Array
                (
                    [file] => C:\xampp\htdocs\nukeviet4.5.02setup\nukeviet\admin\modules\setup.php
                    [line] => 79
                    [function] => nv_setup_data_module
                    [args] => Array
                        (
                            [0] => vi
                            [1] => headbook
                            [2] => 0
                        )

                )

            [3] => Array
                (
                    [file] => C:\xampp\htdocs\nukeviet4.5.02setup\nukeviet\admin\index.php
                    [line] => 182
                    [args] => Array
                        (
                            [0] => C:\xampp\htdocs\nukeviet4.5.02setup\nukeviet\admin\modules\setup.php
                        )

                    [function] => require
                )

        )

    [previous:Exception:private] => 
    [errorInfo] => Array
        (
            [0] => 23000
            [1] => 1062
            [2] => Duplicate entry '1' for key 'PRIMARY'
        )

)
] [FILE: /admin/modules/functions.php] [LINE: 194] [TRACE:]
#1  LINE: 182   FILE: /admin/index.php
#2  LINE: 79    FILE: /admin/modules/setup.php
#3  LINE: 194   FILE: /admin/modules/functions.php

[Tue, 29 Nov 2022 23:53:12 +0700] [localhost] [::1] [Warning(2): Undefined array key "week_id"] [FILE: /modules/nvtools/funcs/addfun.php] [LINE: 697] [TRACE:]
#1  LINE: 364   FILE: /index.php

[Tue, 29 Nov 2022 23:56:47 +0700] [localhost] [::1] [Run-time notices(8192): Function strftime() is deprecated] [FILE: /admin/database/functions.php] [LINE: 81] [TRACE:]
#1  LINE: 182   FILE: /admin/index.php
#2  LINE: 17    FILE: /admin/database/main.php

[Tue, 29 Nov 2022 23:56:47 +0700] [localhost] [::1] [Run-time notices(8192): Function strftime() is deprecated] [FILE: /admin/database/functions.php] [LINE: 82] [TRACE:]
#1  LINE: 182   FILE: /admin/index.php
#2  LINE: 17    FILE: /admin/database/main.php

[Tue, 29 Nov 2022 23:57:00 +0700] [localhost] [::1] [Run-time notices(8192): Function strftime() is deprecated] [FILE: /admin/database/functions.php] [LINE: 235] [TRACE:]
#1  LINE: 182   FILE: /admin/index.php
#2  LINE: 22    FILE: /admin/database/main.php

[Tue, 29 Nov 2022 23:57:00 +0700] [localhost] [::1] [Run-time notices(8192): Function strftime() is deprecated] [FILE: /admin/database/functions.php] [LINE: 239] [TRACE:]
#1  LINE: 182   FILE: /admin/index.php
#2  LINE: 22    FILE: /admin/database/main.php

[Wed, 30 Nov 2022 00:02:50 +0700] [localhost] [::1] [Warning(2): Undefined array key "headbook"] [FILE: /modules/nvtools/funcs/addfun.php] [LINE: 578] [TRACE:]
#1  LINE: 364   FILE: /index.php

[Wed, 30 Nov 2022 00:07:26 +0700] [localhost] [::1] [Error(1): Uncaught PDOException: SQLSTATE[42S22]: Column not found: 1054 Unknown column 'week_id' in 'order clause' in C:\xampp\htdocs\nukeviet4.5.02setup\nukeviet\vendor\vinades\nukeviet\Core\Database.php:562
Stack trace:
#0 C:\xampp\htdocs\nukeviet4.5.02setup\nukeviet\vendor\vinades\nukeviet\Core\Database.php(562): PDO->prepare('SELECT * FROM n...', Array)
#1 C:\xampp\htdocs\nukeviet4.5.02setup\nukeviet\modules\headbook\admin\times.php(136): NukeViet\Core\Database->prepare('SELECT * FROM n...')
#2 C:\xampp\htdocs\nukeviet4.5.02setup\nukeviet\admin\index.php(182): require('C:\\xampp\\htdocs...')
#3 {main}
  thrown] [FILE: /vendor/vinades/nukeviet/Core/Database.php] [LINE: 562]
