[Sat, 03 Dec 2022 11:21:34 +0700] [localhost] [::1] [Warning(2): Undefined array key "column"] [FILE: /modules/nvtools/funcs/addfun.php] [LINE: 187] [TRACE:]
#1  LINE: 364   FILE: /index.php

[Sat, 03 Dec 2022 11:21:34 +0700] [localhost] [::1] [Warning(2): Undefined array key 1] [FILE: /modules/nvtools/funcs/addfun.php] [LINE: 192] [TRACE:]
#1  LINE: 364   FILE: /index.php

[Sat, 03 Dec 2022 20:46:55 +0700] [localhost] [::1] [Warning(2): Undefined array key "status"] [FILE: /modules/headbook/admin/lessons.php] [LINE: 200] [TRACE:]
#1  LINE: 182   FILE: /admin/index.php

[Sat, 03 Dec 2022 20:52:05 +0700] [localhost] [::1] [Run-time notices(8192): http_build_query(): Passing null to parameter #2 ($numeric_prefix) of type string is deprecated] [FILE: /vendor/vinades/nukeviet/Http/Http.php] [LINE: 215] [TRACE:]
#1  LINE: 26    FILE: /index.php
#2  LINE: 376   FILE: /includes/mainfile.php
#3  LINE: 77    FILE: /includes/core/cronjobs.php
#4  LINE: 34    FILE: /includes/cronjobs/check_version.php
#5  LINE: 284   FILE: /includes/core/admin_functions.php
#6  LINE: 733   FILE: /vendor/vinades/nukeviet/Http/Http.php
#7  LINE: 215   FILE: /vendor/vinades/nukeviet/Http/Http.php

[Sat, 03 Dec 2022 23:31:38 +0700] [localhost] [::1] [User Notice(1024): PDOException Object
(
    [message:protected] => SQLSTATE[21S01]: Insert value list does not match column list: 1136 Column count doesn't match value count at row 1
    [string:Exception:private] => 
    [code:protected] => 21S01
    [file:protected] => C:\xampp\htdocs\nukeviet4.5.02setup\nukeviet\vendor\vinades\nukeviet\Core\Database.php
    [line:protected] => 526
    [trace:Exception:private] => Array
        (
            [0] => Array
                (
                    [file] => C:\xampp\htdocs\nukeviet4.5.02setup\nukeviet\vendor\vinades\nukeviet\Core\Database.php
                    [line] => 526
                    [function] => query
                    [class] => PDO
                    [type] => ->
                    [args] => Array
                        (
                            [0] => INSERT INTO `nv4_headbook_lessons` (`lesson_id`, `lesson_order`, `lesson_name`, `status`, `add_time`, `update_time`) VALUES
(1, 'Đọc văn. KHÁI QUÁT VĂN HỌC VIỆT NAM  TỪ CÁCH MẠNG THÁNG TÁM NĂM 1945 ĐẾN HẾT THẾ KỈ XX', 1, 1670000400, 1670000400),
(2, 'Đọc văn. KHÁI QUÁT VĂN HỌC VIỆT NAM  TỪ CÁCH MẠNG THÁNG TÁM NĂM 1945 ĐẾN HẾT THẾ KỈ XX', 1, 1670000400, 1670000400),
(3, 'Làm văn. NGHỊ LUẬN VỀ MỘT TƯ TƯỞNG, ĐẠO LÍ', 1, 1670000400, 1670000400),
(4, 'Đọc văn. TUYÊN NGÔN ĐỘC LẬP - HỒ CHÍ MINH', 1, 1670000400, 1670000400),
(5, 'Tiếng Việt. GIỮ GÌN SỰ TRONG SÁNG CỦA TIẾNG VIỆT', 1, 1670000400, 1670000400),
(6, 'Làm văn. BÀI LÀM VĂN SỐ 1 (NGHỊ LUẬN XÃ HỘI)', 1, 1670000400, 1670000400),
(7, 'Đọc văn. TUYÊN NGÔN ĐỘC LẬP (Hồ Chí Minh) (Phần 2. TÁC PHẨM)', 1, 1670000400, 1670000400),
(8, 'Đọc văn. TUYÊN NGÔN ĐỘC LẬP (Hồ Chí Minh) (Phần 2. TÁC PHẨM)', 1, 1670000400, 1670000400),
(9, 'Tiếng Việt.  GIỮ GÌN SỰ TRONG SÁNG CỦA TIẾNG VIỆT (tiếp)', 1, 1670000400, 1670000400),
(10, 'Đọc văn.  NGUYỄN ĐÌNH CHIỂU, NGÔI SAO SÁNG TRONG VĂN NGHỆ CỦA DÂN TỘC', 1, 1670000400, 1670000400)
                            [1] => 
                        )

                )

            [1] => Array
                (
                    [file] => C:\xampp\htdocs\nukeviet4.5.02setup\nukeviet\admin\modules\functions.php
                    [line] => 192
                    [function] => query
                    [class] => NukeViet\Core\Database
                    [type] => ->
                    [args] => Array
                        (
                            [0] => INSERT INTO `nv4_headbook_lessons` (`lesson_id`, `lesson_order`, `lesson_name`, `status`, `add_time`, `update_time`) VALUES
(1, 'Đọc văn. KHÁI QUÁT VĂN HỌC VIỆT NAM  TỪ CÁCH MẠNG THÁNG TÁM NĂM 1945 ĐẾN HẾT THẾ KỈ XX', 1, 1670000400, 1670000400),
(2, 'Đọc văn. KHÁI QUÁT VĂN HỌC VIỆT NAM  TỪ CÁCH MẠNG THÁNG TÁM NĂM 1945 ĐẾN HẾT THẾ KỈ XX', 1, 1670000400, 1670000400),
(3, 'Làm văn. NGHỊ LUẬN VỀ MỘT TƯ TƯỞNG, ĐẠO LÍ', 1, 1670000400, 1670000400),
(4, 'Đọc văn. TUYÊN NGÔN ĐỘC LẬP - HỒ CHÍ MINH', 1, 1670000400, 1670000400),
(5, 'Tiếng Việt. GIỮ GÌN SỰ TRONG SÁNG CỦA TIẾNG VIỆT', 1, 1670000400, 1670000400),
(6, 'Làm văn. BÀI LÀM VĂN SỐ 1 (NGHỊ LUẬN XÃ HỘI)', 1, 1670000400, 1670000400),
(7, 'Đọc văn. TUYÊN NGÔN ĐỘC LẬP (Hồ Chí Minh) (Phần 2. TÁC PHẨM)', 1, 1670000400, 1670000400),
(8, 'Đọc văn. TUYÊN NGÔN ĐỘC LẬP (Hồ Chí Minh) (Phần 2. TÁC PHẨM)', 1, 1670000400, 1670000400),
(9, 'Tiếng Việt.  GIỮ GÌN SỰ TRONG SÁNG CỦA TIẾNG VIỆT (tiếp)', 1, 1670000400, 1670000400),
(10, 'Đọc văn.  NGUYỄN ĐÌNH CHIỂU, NGÔI SAO SÁNG TRONG VĂN NGHỆ CỦA DÂN TỘC', 1, 1670000400, 1670000400)
                        )

                )

            [2] => Array
                (
                    [file] => C:\xampp\htdocs\nukeviet4.5.02setup\nukeviet\admin\modules\setup.php
                    [line] => 79
                    [function] => nv_setup_data_module
                    [args] => Array
                        (
                            [0] => vi
                            [1] => headbook
                            [2] => 0
                        )

                )

            [3] => Array
                (
                    [file] => C:\xampp\htdocs\nukeviet4.5.02setup\nukeviet\admin\index.php
                    [line] => 182
                    [args] => Array
                        (
                            [0] => C:\xampp\htdocs\nukeviet4.5.02setup\nukeviet\admin\modules\setup.php
                        )

                    [function] => require
                )

        )

    [previous:Exception:private] => 
    [errorInfo] => Array
        (
            [0] => 21S01
            [1] => 1136
            [2] => Column count doesn't match value count at row 1
        )

)
] [FILE: /admin/modules/functions.php] [LINE: 194] [TRACE:]
#1  LINE: 182   FILE: /admin/index.php
#2  LINE: 79    FILE: /admin/modules/setup.php
#3  LINE: 194   FILE: /admin/modules/functions.php

[Sat, 03 Dec 2022 23:38:11 +0700] [localhost] [::1] [Warning(2): Undefined array key "lesson_order"] [FILE: /modules/headbook/admin/lessons.php] [LINE: 208] [TRACE:]
#1  LINE: 182   FILE: /admin/index.php

