[Sat, 19 Nov 2022 21:50:17 +0700] [localhost] [::1] [Error(1): Uncaught PDOException: SQLSTATE[42S02]: Base table or view not found: 1146 Table 'quanlysodaubai.nv4_vi_music' doesn't exist in C:\xampp\htdocs\nukeviet4.5.02setup\nukeviet\vendor\vinades\nukeviet\Core\Database.php:526
Stack trace:
#0 C:\xampp\htdocs\nukeviet4.5.02setup\nukeviet\vendor\vinades\nukeviet\Core\Database.php(526): PDO->query('SELECT * FROM n...', NULL)
#1 C:\xampp\htdocs\nukeviet4.5.02setup\nukeviet\modules\music\admin\song-content.php(20): NukeViet\Core\Database->query('SELECT * FROM n...')
#2 C:\xampp\htdocs\nukeviet4.5.02setup\nukeviet\admin\index.php(182): require('C:\\xampp\\htdocs...')
#3 {main}
  thrown] [FILE: /vendor/vinades/nukeviet/Core/Database.php] [LINE: 526]
[Sat, 19 Nov 2022 23:39:25 +0700] [localhost] [::1] [Run-time notices(8192): http_build_query(): Passing null to parameter #2 ($numeric_prefix) of type string is deprecated] [FILE: /vendor/vinades/nukeviet/Http/Http.php] [LINE: 215] [TRACE:]
#1  LINE: 26    FILE: /index.php
#2  LINE: 376   FILE: /includes/mainfile.php
#3  LINE: 77    FILE: /includes/core/cronjobs.php
#4  LINE: 34    FILE: /includes/cronjobs/check_version.php
#5  LINE: 284   FILE: /includes/core/admin_functions.php
#6  LINE: 733   FILE: /vendor/vinades/nukeviet/Http/Http.php
#7  LINE: 215   FILE: /vendor/vinades/nukeviet/Http/Http.php

[Sat, 19 Nov 2022 23:46:33 +0700] [localhost] [::1] [User Notice(1024): PDOException Object
(
    [message:protected] => SQLSTATE[42000]: Syntax error or access violation: 1064 You have an error in your SQL syntax; check the manual that corresponds to your MariaDB server version for the right syntax to use near ') ENGINE=InnoDB DEFAULT CHARSET=latin1' at line 7
    [string:Exception:private] => 
    [code:protected] => 42000
    [file:protected] => C:\xampp\htdocs\nukeviet4.5.02setup\nukeviet\vendor\vinades\nukeviet\Core\Database.php
    [line:protected] => 526
    [trace:Exception:private] => Array
        (
            [0] => Array
                (
                    [file] => C:\xampp\htdocs\nukeviet4.5.02setup\nukeviet\vendor\vinades\nukeviet\Core\Database.php
                    [line] => 526
                    [function] => query
                    [class] => PDO
                    [type] => ->
                    [args] => Array
                        (
                            [0] => CREATE TABLE nv4_vi_music_cats (
    id smallint(4) NOT NULL AUTO_INCREMENT,
    cat_name varchar(200) NOT NULL DEFAULT '',
    add_time int(11) NOT NULL DEFAULT 0,
    update_time int(11) NOT NULL DEFAULT 0,
    PRIMARY KEY (id),
  ) ENGINE=InnoDB DEFAULT CHARSET=latin1;
  
                            [1] => 
                        )

                )

            [1] => Array
                (
                    [file] => C:\xampp\htdocs\nukeviet4.5.02setup\nukeviet\admin\modules\functions.php
                    [line] => 192
                    [function] => query
                    [class] => NukeViet\Core\Database
                    [type] => ->
                    [args] => Array
                        (
                            [0] => CREATE TABLE nv4_vi_music_cats (
    id smallint(4) NOT NULL AUTO_INCREMENT,
    cat_name varchar(200) NOT NULL DEFAULT '',
    add_time int(11) NOT NULL DEFAULT 0,
    update_time int(11) NOT NULL DEFAULT 0,
    PRIMARY KEY (id),
  ) ENGINE=InnoDB DEFAULT CHARSET=latin1;
  
                        )

                )

            [2] => Array
                (
                    [file] => C:\xampp\htdocs\nukeviet4.5.02setup\nukeviet\admin\modules\setup.php
                    [line] => 79
                    [function] => nv_setup_data_module
                    [args] => Array
                        (
                            [0] => vi
                            [1] => music
                            [2] => 1
                        )

                )

            [3] => Array
                (
                    [file] => C:\xampp\htdocs\nukeviet4.5.02setup\nukeviet\admin\index.php
                    [line] => 182
                    [args] => Array
                        (
                            [0] => C:\xampp\htdocs\nukeviet4.5.02setup\nukeviet\admin\modules\setup.php
                        )

                    [function] => require
                )

        )

    [previous:Exception:private] => 
    [errorInfo] => Array
        (
            [0] => 42000
            [1] => 1064
            [2] => You have an error in your SQL syntax; check the manual that corresponds to your MariaDB server version for the right syntax to use near ') ENGINE=InnoDB DEFAULT CHARSET=latin1' at line 7
        )

)
] [FILE: /admin/modules/functions.php] [LINE: 194] [TRACE:]
#1  LINE: 182   FILE: /admin/index.php
#2  LINE: 79    FILE: /admin/modules/setup.php
#3  LINE: 194   FILE: /admin/modules/functions.php

[Sun, 20 Nov 2022 03:15:59 +0700] [localhost] [::1] [Warning(2): Undefined variable $xtpl] [FILE: /modules/music/admin/singer-content.php] [LINE: 88] [TRACE:]
#1  LINE: 182   FILE: /admin/index.php

[Sun, 20 Nov 2022 03:15:59 +0700] [localhost] [::1] [Error(1): Uncaught Error: Call to a member function parse() on null in C:\xampp\htdocs\nukeviet4.5.02setup\nukeviet\modules\music\admin\singer-content.php:88
Stack trace:
#0 C:\xampp\htdocs\nukeviet4.5.02setup\nukeviet\admin\index.php(182): require()
#1 {main}
  thrown] [FILE: /modules/music/admin/singer-content.php] [LINE: 88]
[Sun, 20 Nov 2022 04:17:08 +0700] [localhost] [::1] [Run-time notices(8192): Function strftime() is deprecated] [FILE: /admin/database/functions.php] [LINE: 81] [TRACE:]
#1  LINE: 182   FILE: /admin/index.php
#2  LINE: 17    FILE: /admin/database/main.php

[Sun, 20 Nov 2022 04:17:08 +0700] [localhost] [::1] [Run-time notices(8192): Function strftime() is deprecated] [FILE: /admin/database/functions.php] [LINE: 82] [TRACE:]
#1  LINE: 182   FILE: /admin/index.php
#2  LINE: 17    FILE: /admin/database/main.php

[Sun, 20 Nov 2022 04:43:56 +0700] [localhost] [::1] [Run-time notices(8192): Function strftime() is deprecated] [FILE: /admin/database/functions.php] [LINE: 235] [TRACE:]
#1  LINE: 182   FILE: /admin/index.php
#2  LINE: 22    FILE: /admin/database/main.php

[Sun, 20 Nov 2022 04:43:56 +0700] [localhost] [::1] [Run-time notices(8192): Function strftime() is deprecated] [FILE: /admin/database/functions.php] [LINE: 239] [TRACE:]
#1  LINE: 182   FILE: /admin/index.php
#2  LINE: 22    FILE: /admin/database/main.php

[Sun, 20 Nov 2022 05:42:52 +0700] [localhost] [::1] [Warning(2): file_get_contents(C:/xampp/htdocs/nukeviet4.5.02setup/nukeviet/themes/default/modules/nvtools\addfun.tpl): Failed to open stream: No such file or directory] [FILE: /includes/xtemplate.class.php] [LINE: 1333] [TRACE:]
#1  LINE: 364   FILE: /index.php
#2  LINE: 221   FILE: /modules/nvtools/funcs/addfun.php
#3  LINE: 395   FILE: /includes/xtemplate.class.php
#4  LINE: 506   FILE: /includes/xtemplate.class.php
#5  LINE: 537   FILE: /includes/xtemplate.class.php
#6  LINE: 1365  FILE: /includes/xtemplate.class.php
#7  LINE: 1333  FILE: /includes/xtemplate.class.php

