[Sun, 20 Nov 2022 21:41:39 +0700] [localhost] [::1] [Warning(2): Undefined variable $variable] [FILE: /modules/music/admin/main.php] [LINE: 41] [TRACE:]
#1  LINE: 182   FILE: /admin/index.php

[Sun, 20 Nov 2022 21:53:25 +0700] [localhost] [::1] [Warning(2): Array to string conversion] [FILE: /includes/xtemplate.class.php] [LINE: 864] [TRACE:]
#1  LINE: 182   FILE: /admin/index.php
#2  LINE: 44    FILE: /modules/music/admin/main.php

[Mon, 21 Nov 2022 03:31:20 +0700] [localhost] [::1] [Run-time notices(8192): Function strftime() is deprecated] [FILE: /admin/database/functions.php] [LINE: 81] [TRACE:]
#1  LINE: 182   FILE: /admin/index.php
#2  LINE: 17    FILE: /admin/database/main.php

[Mon, 21 Nov 2022 03:31:20 +0700] [localhost] [::1] [Run-time notices(8192): Function strftime() is deprecated] [FILE: /admin/database/functions.php] [LINE: 82] [TRACE:]
#1  LINE: 182   FILE: /admin/index.php
#2  LINE: 17    FILE: /admin/database/main.php

[Mon, 21 Nov 2022 03:31:30 +0700] [localhost] [::1] [Run-time notices(8192): Function strftime() is deprecated] [FILE: /admin/database/functions.php] [LINE: 235] [TRACE:]
#1  LINE: 182   FILE: /admin/index.php
#2  LINE: 22    FILE: /admin/database/main.php

[Mon, 21 Nov 2022 04:08:28 +0700] [localhost] [::1] [Run-time notices(8192): http_build_query(): Passing null to parameter #2 ($numeric_prefix) of type string is deprecated] [FILE: /vendor/vinades/nukeviet/Http/Http.php] [LINE: 215] [TRACE:]
#1  LINE: 26    FILE: /index.php
#2  LINE: 376   FILE: /includes/mainfile.php
#3  LINE: 77    FILE: /includes/core/cronjobs.php
#4  LINE: 34    FILE: /includes/cronjobs/check_version.php
#5  LINE: 284   FILE: /includes/core/admin_functions.php
#6  LINE: 733   FILE: /vendor/vinades/nukeviet/Http/Http.php
#7  LINE: 215   FILE: /vendor/vinades/nukeviet/Http/Http.php

